<?xml version="1.0" encoding="UTF-8"?>
<coverage generated="1756266647100" clover="3.2.0">
  <project timestamp="1756266647100" name="All files">
    <metrics statements="92" coveredstatements="92" conditionals="17" coveredconditionals="17" methods="4" coveredmethods="4" elements="113" coveredelements="113" complexity="0" loc="92" ncloc="92" packages="1" files="4" classes="4"/>
    <file name="checkIfExists.js" path="/mnt/dados/Documentos/Repositories/CLI/nodegen/src/core/tasks/checkIfExists.js">
      <metrics statements="11" coveredstatements="11" conditionals="2" coveredconditionals="2" methods="1" coveredmethods="1"/>
      <line num="1" count="1" type="stmt"/>
      <line num="2" count="1" type="stmt"/>
      <line num="3" count="1" type="stmt"/>
      <line num="4" count="1" type="cond" truecount="1" falsecount="0"/>
      <line num="5" count="2" type="stmt"/>
      <line num="6" count="2" type="cond" truecount="1" falsecount="0"/>
      <line num="7" count="1" type="stmt"/>
      <line num="8" count="1" type="stmt"/>
      <line num="9" count="1" type="stmt"/>
      <line num="10" count="1" type="stmt"/>
      <line num="11" count="2" type="stmt"/>
    </file>
    <file name="createIfNotExists.js" path="/mnt/dados/Documentos/Repositories/CLI/nodegen/src/core/tasks/createIfNotExists.js">
      <metrics statements="11" coveredstatements="11" conditionals="2" coveredconditionals="2" methods="1" coveredmethods="1"/>
      <line num="1" count="1" type="stmt"/>
      <line num="2" count="1" type="stmt"/>
      <line num="3" count="1" type="stmt"/>
      <line num="4" count="1" type="cond" truecount="1" falsecount="0"/>
      <line num="5" count="2" type="stmt"/>
      <line num="6" count="2" type="cond" truecount="1" falsecount="0"/>
      <line num="7" count="1" type="stmt"/>
      <line num="8" count="1" type="stmt"/>
      <line num="9" count="1" type="stmt"/>
      <line num="10" count="2" type="stmt"/>
      <line num="11" count="2" type="stmt"/>
    </file>
    <file name="editPackageJson.js" path="/mnt/dados/Documentos/Repositories/CLI/nodegen/src/core/tasks/editPackageJson.js">
      <metrics statements="24" coveredstatements="24" conditionals="5" coveredconditionals="5" methods="1" coveredmethods="1"/>
      <line num="1" count="1" type="stmt"/>
      <line num="2" count="1" type="stmt"/>
      <line num="3" count="1" type="stmt"/>
      <line num="4" count="1" type="stmt"/>
      <line num="5" count="1" type="cond" truecount="1" falsecount="0"/>
      <line num="6" count="3" type="stmt"/>
      <line num="7" count="3" type="stmt"/>
      <line num="8" count="3" type="cond" truecount="1" falsecount="0"/>
      <line num="9" count="2" type="stmt"/>
      <line num="10" count="2" type="stmt"/>
      <line num="11" count="2" type="stmt"/>
      <line num="12" count="2" type="stmt"/>
      <line num="13" count="2" type="stmt"/>
      <line num="14" count="2" type="stmt"/>
      <line num="15" count="2" type="stmt"/>
      <line num="16" count="3" type="cond" truecount="1" falsecount="0"/>
      <line num="17" count="3" type="stmt"/>
      <line num="18" count="3" type="stmt"/>
      <line num="19" count="3" type="stmt"/>
      <line num="20" count="3" type="cond" truecount="1" falsecount="0"/>
      <line num="21" count="3" type="cond" truecount="1" falsecount="0"/>
      <line num="22" count="1" type="stmt"/>
      <line num="23" count="1" type="stmt"/>
      <line num="24" count="3" type="stmt"/>
    </file>
    <file name="initializeProject.js" path="/mnt/dados/Documentos/Repositories/CLI/nodegen/src/core/tasks/initializeProject.js">
      <metrics statements="46" coveredstatements="46" conditionals="8" coveredconditionals="8" methods="1" coveredmethods="1"/>
      <line num="1" count="1" type="stmt"/>
      <line num="2" count="1" type="stmt"/>
      <line num="3" count="1" type="stmt"/>
      <line num="4" count="1" type="stmt"/>
      <line num="5" count="1" type="stmt"/>
      <line num="6" count="1" type="cond" truecount="1" falsecount="0"/>
      <line num="7" count="5" type="stmt"/>
      <line num="8" count="5" type="cond" truecount="1" falsecount="0"/>
      <line num="9" count="3" type="stmt"/>
      <line num="10" count="3" type="stmt"/>
      <line num="11" count="3" type="stmt"/>
      <line num="12" count="3" type="stmt"/>
      <line num="13" count="3" type="stmt"/>
      <line num="14" count="3" type="stmt"/>
      <line num="15" count="3" type="stmt"/>
      <line num="16" count="3" type="stmt"/>
      <line num="17" count="3" type="stmt"/>
      <line num="18" count="3" type="stmt"/>
      <line num="19" count="3" type="stmt"/>
      <line num="20" count="3" type="stmt"/>
      <line num="21" count="3" type="stmt"/>
      <line num="22" count="3" type="stmt"/>
      <line num="23" count="3" type="stmt"/>
      <line num="24" count="3" type="stmt"/>
      <line num="25" count="3" type="stmt"/>
      <line num="26" count="5" type="cond" truecount="1" falsecount="0"/>
      <line num="27" count="5" type="cond" truecount="1" falsecount="0"/>
      <line num="28" count="1" type="stmt"/>
      <line num="29" count="1" type="stmt"/>
      <line num="30" count="5" type="stmt"/>
      <line num="31" count="5" type="cond" truecount="1" falsecount="0"/>
      <line num="32" count="3" type="stmt"/>
      <line num="33" count="3" type="cond" truecount="1" falsecount="0"/>
      <line num="34" count="2" type="stmt"/>
      <line num="35" count="2" type="stmt"/>
      <line num="36" count="2" type="stmt"/>
      <line num="37" count="2" type="stmt"/>
      <line num="38" count="2" type="stmt"/>
      <line num="39" count="2" type="stmt"/>
      <line num="40" count="2" type="stmt"/>
      <line num="41" count="3" type="cond" truecount="1" falsecount="0"/>
      <line num="42" count="3" type="cond" truecount="1" falsecount="0"/>
      <line num="43" count="1" type="stmt"/>
      <line num="44" count="1" type="stmt"/>
      <line num="45" count="3" type="stmt"/>
      <line num="46" count="5" type="stmt"/>
    </file>
  </project>
</coverage>
