TN:
SF:src/core/tasks/checkIfExists.js
FN:4,checkIfExist
FNF:1
FNH:1
FNDA:2,checkIfExist
DA:1,1
DA:2,1
DA:3,1
DA:4,1
DA:5,2
DA:6,2
DA:7,1
DA:8,1
DA:9,1
DA:10,1
DA:11,2
LF:11
LH:11
BRDA:4,0,0,2
BRDA:6,1,0,1
BRF:2
BRH:2
end_of_record
TN:
SF:src/core/tasks/createIfNotExists.js
FN:4,createIfNotExists
FNF:1
FNH:1
FNDA:2,createIfNotExists
DA:1,1
DA:2,1
DA:3,1
DA:4,1
DA:5,2
DA:6,2
DA:7,1
DA:8,1
DA:9,1
DA:10,2
DA:11,2
LF:11
LH:11
BRDA:4,0,0,2
BRDA:6,1,0,1
BRF:2
BRH:2
end_of_record
TN:
SF:src/core/tasks/editPackageJson.js
FN:5,editPackageJson
FNF:1
FNH:1
FNDA:3,editPackageJson
DA:1,1
DA:2,1
DA:3,1
DA:4,1
DA:5,1
DA:6,3
DA:7,3
DA:8,3
DA:9,2
DA:10,2
DA:11,2
DA:12,2
DA:13,2
DA:14,2
DA:15,2
DA:16,3
DA:17,3
DA:18,3
DA:19,3
DA:20,3
DA:21,3
DA:22,1
DA:23,1
DA:24,3
LF:24
LH:24
BRDA:5,0,0,3
BRDA:8,1,0,2
BRDA:16,2,0,1
BRDA:20,3,0,2
BRDA:21,4,0,1
BRF:5
BRH:5
end_of_record
TN:
SF:src/core/tasks/initializeProject.js
FN:6,initializeProject
FNF:1
FNH:1
FNDA:5,initializeProject
DA:1,1
DA:2,1
DA:3,1
DA:4,1
DA:5,1
DA:6,1
DA:7,5
DA:8,5
DA:9,3
DA:10,3
DA:11,3
DA:12,3
DA:13,3
DA:14,3
DA:15,3
DA:16,3
DA:17,3
DA:18,3
DA:19,3
DA:20,3
DA:21,3
DA:22,3
DA:23,3
DA:24,3
DA:25,3
DA:26,5
DA:27,5
DA:28,1
DA:29,1
DA:30,5
DA:31,5
DA:32,3
DA:33,3
DA:34,2
DA:35,2
DA:36,2
DA:37,2
DA:38,2
DA:39,2
DA:40,2
DA:41,3
DA:42,3
DA:43,1
DA:44,1
DA:45,3
DA:46,5
LF:46
LH:46
BRDA:6,0,0,5
BRDA:26,1,0,4
BRDA:27,2,0,1
BRDA:31,3,0,3
BRDA:41,4,0,2
BRDA:42,5,0,1
BRDA:8,6,0,3
BRDA:33,7,0,2
BRF:8
BRH:8
end_of_record
